2022/05/17 00:22:50 Start Server:  Protocol Status Plugin
2022/05/17 00:22:50 listen  :9091
2022/05/17 00:22:50 Pilot Plugin started
signal: terminated
2022/05/26 04:39:14 Start Server:  Protocol Status Plugin
2022/05/26 04:39:14 listen  :9092
2022/05/26 04:39:14 Pilot Plugin started
2022/05/26 04:40:10 Start Server:  Protocol Status Plugin
2022/05/26 04:40:10 listen tcp :9092: bind: address already in use
panic: listen tcp :9092: bind: address already in use

goroutine 1 [running]:
log.Panic({0xc0000f7ef8?, 0x3?, 0xc000024d98?})
	/Users/dongyookang/go/src/log/log.go:385 +0x65
protocol-status-plugin/grpc.StartServer()
	/Users/dongyookang/ffplay/GolandProjects/vatz-plugin-near/protocol-status-plugin/grpc/grpc.go:74 +0x105
main.main()
	/Users/dongyookang/ffplay/GolandProjects/vatz-plugin-near/protocol-status-plugin/main.go:19 +0x65
exit status 2
signal: terminated
2022/05/26 04:41:51 Start Server:  Protocol Status Plugin
2022/05/26 04:41:51 listen  :9092
2022/05/26 04:41:51 Pilot Plugin started
signal: terminated
2022/05/26 04:54:02 Start Server:  Protocol Status Plugin
2022/05/26 04:54:02 listen  :9092
2022/05/26 04:54:02 Pilot Plugin started
Plugin Verify Has been Called: ALIVE 9091
Plugin Execute Has been Called::: ALIVE
Plugin Execute Has been Called::: ALIVE
Plugin Execute Has been Called::: ALIVE
Plugin Verify Has been Called: ALIVE 9091
Plugin Verify Has been Called: ALIVE 9091
Plugin Execute Has been Called::: ALIVE
Plugin Execute Has been Called::: ALIVE
Plugin Execute Has been Called::: ALIVE
Plugin Verify Has been Called: ALIVE 9091
Plugin Execute Has been Called::: ALIVE
Plugin Execute Has been Called::: ALIVE
Plugin Execute Has been Called::: ALIVE
Plugin Verify Has been Called: ALIVE 9091
Plugin Execute Has been Called::: ALIVE
Plugin Execute Has been Called::: ALIVE
Plugin Execute Has been Called::: ALIVE
Plugin Verify Has been Called: ALIVE 9091
Plugin Execute Has been Called::: ALIVE
Plugin Execute Has been Called::: ALIVE
Plugin Execute Has been Called::: ALIVE
Plugin Verify Has been Called: ALIVE 9091
Plugin Verify Has been Called: ALIVE 9091
Plugin Execute Has been Called::: ALIVE
Plugin Execute Has been Called::: ALIVE
Plugin Execute Has been Called::: ALIVE
Plugin Verify Has been Called: ALIVE 9091
Plugin Execute Has been Called::: ALIVE
Plugin Execute Has been Called::: ALIVE
Plugin Execute Has been Called::: ALIVE
Plugin Verify Has been Called: ALIVE 9091
Plugin Execute Has been Called::: ALIVE
Plugin Execute Has been Called::: ALIVE
Plugin Execute Has been Called::: ALIVE
2022/06/02 06:46:35 Start Server:  Protocol Status Plugin
2022/06/02 06:46:35 listen  :9092
2022/06/02 06:46:35 Pilot Plugin started
Plugin Verify Has been Called: ALIVE 9091
Plugin Execute Has been Called::: ALIVE
Plugin Execute Has been Called::: ALIVE
Plugin Execute Has been Called::: ALIVE
Plugin Verify Has been Called: ALIVE 9091
Plugin Execute Has been Called::: ALIVE
Plugin Execute Has been Called::: ALIVE
Plugin Execute Has been Called::: ALIVE
Plugin Verify Has been Called: ALIVE 9091
Plugin Execute Has been Called::: ALIVE
Plugin Execute Has been Called::: ALIVE
Plugin Execute Has been Called::: ALIVE
Plugin Verify Has been Called: ALIVE 9091
Plugin Execute Has been Called::: ALIVE
Plugin Execute Has been Called::: ALIVE
Plugin Execute Has been Called::: ALIVE
Plugin Verify Has been Called: ALIVE 9091
signal: terminated
2022/06/02 06:49:49 Start Server:  Protocol Status Plugin
2022/06/02 06:49:49 listen  :9092
2022/06/02 06:49:49 Pilot Plugin started
Plugin Verify Has been Called: ALIVE 9091
Plugin Execute Has been Called::: ALIVE
Plugin Execute Has been Called::: ALIVE
Plugin Execute Has been Called::: ALIVE
Plugin Verify Has been Called: ALIVE 9091
Plugin Execute Has been Called::: ALIVE
Plugin Execute Has been Called::: ALIVE
Plugin Execute Has been Called::: ALIVE
Plugin Verify Has been Called: ALIVE 9091
Plugin Execute Has been Called::: ALIVE
Plugin Execute Has been Called::: ALIVE
Plugin Execute Has been Called::: ALIVE
Plugin Verify Has been Called: ALIVE 9091
Plugin Verify Has been Called: ALIVE 9091
Plugin Execute Has been Called::: ALIVE
Plugin Execute Has been Called::: ALIVE
Plugin Execute Has been Called::: ALIVE
signal: terminated
2022/06/02 06:53:24 Start Server:  Protocol Status Plugin
2022/06/02 06:53:24 listen  :9092
2022/06/02 06:53:24 Pilot Plugin started
Plugin Verify Has been Called: ALIVE 9091
Plugin Execute Has been Called::: ALIVE
Plugin Execute Has been Called::: ALIVE
Plugin Execute Has been Called::: ALIVE
Plugin Verify Has been Called: ALIVE 9091
Plugin Execute Has been Called::: ALIVE
Plugin Execute Has been Called::: ALIVE
Plugin Execute Has been Called::: ALIVE
Plugin Verify Has been Called: ALIVE 9091
Plugin Execute Has been Called::: ALIVE
Plugin Execute Has been Called::: ALIVE
Plugin Execute Has been Called::: ALIVE
Plugin Verify Has been Called: ALIVE 9091
Plugin Verify Has been Called: ALIVE 9091
Plugin Execute Has been Called::: ALIVE
Plugin Execute Has been Called::: ALIVE
Plugin Execute Has been Called::: ALIVE
signal: terminated
