2022/05/17 00:22:50 Start Server:  Server Status Plugin
2022/05/17 00:22:50 listen  :9092
2022/05/17 00:22:50 Pilot Plugin started
signal: terminated
2022/05/26 04:40:14 Start Server:  Server Status Plugin
2022/05/26 04:40:14 listen  :9091
2022/05/26 04:40:14 Pilot Plugin started
signal: terminated
2022/05/26 04:41:51 Start Server:  Server Status Plugin
2022/05/26 04:41:51 listen  :9091
2022/05/26 04:41:51 Pilot Plugin started
signal: terminated
2022/05/26 04:54:02 Start Server:  Server Status Plugin
2022/05/26 04:54:02 listen  :9091
2022/05/26 04:54:02 Pilot Plugin started
Plugin Verify Has been Called: ALIVE :::: 9092
Plugin Execute Has been Called: ALIVE
Plugin Execute Has been Called: ALIVE
total Memory Usage:  66.60459041595459 %
Plugin Execute Has been Called: ALIVE
fork/exec df -h | grep -w / | awk '{ print $5 }': no such file or directory

fork/exec df -h | grep -w / | awk '{ print $5 }': no such file or directory
fork/exec df -h | grep -w /mnt/near | awk '{ print $5 }': no such file or directory

fork/exec df -h | grep -w /mnt/near | awk '{ print $5 }': no such file or directory
Plugin Verify Has been Called: ALIVE :::: 9092
Plugin Verify Has been Called: ALIVE :::: 9092
Plugin Execute Has been Called: ALIVE
Plugin Execute Has been Called: ALIVE
total Memory Usage:  66.3966417312622 %
Plugin Execute Has been Called: ALIVE
fork/exec df -h | grep -w / | awk '{ print $5 }': no such file or directory

fork/exec df -h | grep -w / | awk '{ print $5 }': no such file or directory
fork/exec df -h | grep -w /mnt/near | awk '{ print $5 }': no such file or directory

fork/exec df -h | grep -w /mnt/near | awk '{ print $5 }': no such file or directory
Plugin Verify Has been Called: ALIVE :::: 9092
Plugin Execute Has been Called: ALIVE
Plugin Execute Has been Called: ALIVE
total Memory Usage:  66.55271053314209 %
Plugin Execute Has been Called: ALIVE
fork/exec df -h | grep -w / | awk '{ print $5 }': no such file or directory

fork/exec df -h | grep -w / | awk '{ print $5 }': no such file or directory
fork/exec df -h | grep -w /mnt/near | awk '{ print $5 }': no such file or directory

fork/exec df -h | grep -w /mnt/near | awk '{ print $5 }': no such file or directory
Plugin Verify Has been Called: ALIVE :::: 9092
Plugin Execute Has been Called: ALIVE
Plugin Execute Has been Called: ALIVE
total Memory Usage:  66.58906936645508 %
Plugin Execute Has been Called: ALIVE
fork/exec df -h | grep -w / | awk '{ print $5 }': no such file or directory

fork/exec df -h | grep -w / | awk '{ print $5 }': no such file or directory
fork/exec df -h | grep -w /mnt/near | awk '{ print $5 }': no such file or directory

fork/exec df -h | grep -w /mnt/near | awk '{ print $5 }': no such file or directory
Plugin Verify Has been Called: ALIVE :::: 9092
Plugin Verify Has been Called: ALIVE :::: 9092
Plugin Execute Has been Called: ALIVE
Plugin Execute Has been Called: ALIVE
total Memory Usage:  66.62168502807617 %
Plugin Execute Has been Called: ALIVE
fork/exec df -h | grep -w / | awk '{ print $5 }': no such file or directory

fork/exec df -h | grep -w / | awk '{ print $5 }': no such file or directory
fork/exec df -h | grep -w /mnt/near | awk '{ print $5 }': no such file or directory

fork/exec df -h | grep -w /mnt/near | awk '{ print $5 }': no such file or directory
Plugin Verify Has been Called: ALIVE :::: 9092
Plugin Execute Has been Called: ALIVE
Plugin Execute Has been Called: ALIVE
total Memory Usage:  66.54794216156006 %
Plugin Execute Has been Called: ALIVE
fork/exec df -h | grep -w / | awk '{ print $5 }': no such file or directory

fork/exec df -h | grep -w / | awk '{ print $5 }': no such file or directory
fork/exec df -h | grep -w /mnt/near | awk '{ print $5 }': no such file or directory

fork/exec df -h | grep -w /mnt/near | awk '{ print $5 }': no such file or directory
Plugin Verify Has been Called: ALIVE :::: 9092
Plugin Execute Has been Called: ALIVE
Plugin Execute Has been Called: ALIVE
total Memory Usage:  66.45667552947998 %
Plugin Execute Has been Called: ALIVE
fork/exec df -h | grep -w / | awk '{ print $5 }': no such file or directory

fork/exec df -h | grep -w / | awk '{ print $5 }': no such file or directory
fork/exec df -h | grep -w /mnt/near | awk '{ print $5 }': no such file or directory

fork/exec df -h | grep -w /mnt/near | awk '{ print $5 }': no such file or directory
Plugin Verify Has been Called: ALIVE :::: 9092
Plugin Execute Has been Called: ALIVE
Plugin Execute Has been Called: ALIVE
total Memory Usage:  66.42820835113525 %
Plugin Execute Has been Called: ALIVE
fork/exec df -h | grep -w / | awk '{ print $5 }': no such file or directory

fork/exec df -h | grep -w / | awk '{ print $5 }': no such file or directory
fork/exec df -h | grep -w /mnt/near | awk '{ print $5 }': no such file or directory

fork/exec df -h | grep -w /mnt/near | awk '{ print $5 }': no such file or directory
Plugin Verify Has been Called: ALIVE :::: 9092
Plugin Verify Has been Called: ALIVE :::: 9092
Plugin Execute Has been Called: ALIVE
Plugin Execute Has been Called: ALIVE
total Memory Usage:  66.49818420410156 %
Plugin Execute Has been Called: ALIVE
fork/exec df -h | grep -w / | awk '{ print $5 }': no such file or directory

fork/exec df -h | grep -w / | awk '{ print $5 }': no such file or directory
fork/exec df -h | grep -w /mnt/near | awk '{ print $5 }': no such file or directory

fork/exec df -h | grep -w /mnt/near | awk '{ print $5 }': no such file or directory
2022/06/02 06:46:35 Start Server:  Server Status Plugin
2022/06/02 06:46:35 listen  :9091
2022/06/02 06:46:35 Pilot Plugin started
Plugin Verify Has been Called: ALIVE :::: 9092
Plugin Execute Has been Called: ALIVE
Total CPU Usage:  33.72277227719641 %
Plugin Execute Has been Called: ALIVE
Total Memory Usage:  60.0006103515625 %
Plugin Execute Has been Called: ALIVE
fork/exec df -h | grep -w / | awk '{ print $5 }': no such file or directory

fork/exec df -h | grep -w / | awk '{ print $5 }': no such file or directory
fork/exec df -h | grep -w /mnt/near | awk '{ print $5 }': no such file or directory

fork/exec df -h | grep -w /mnt/near | awk '{ print $5 }': no such file or directory
Plugin Verify Has been Called: ALIVE :::: 9092
Plugin Verify Has been Called: ALIVE :::: 9092
Plugin Execute Has been Called: ALIVE
Total CPU Usage:  20.030303030217837 %
Plugin Execute Has been Called: ALIVE
Total Memory Usage:  59.96832847595215 %
Plugin Execute Has been Called: ALIVE
fork/exec df -h | grep -w / | awk '{ print $5 }': no such file or directory

fork/exec df -h | grep -w / | awk '{ print $5 }': no such file or directory
fork/exec df -h | grep -w /mnt/near | awk '{ print $5 }': no such file or directory

fork/exec df -h | grep -w /mnt/near | awk '{ print $5 }': no such file or directory
Plugin Verify Has been Called: ALIVE :::: 9092
Plugin Execute Has been Called: ALIVE
Total CPU Usage:  19.950495049619782 %
Plugin Execute Has been Called: ALIVE
Total Memory Usage:  59.80639457702637 %
Plugin Execute Has been Called: ALIVE
fork/exec df -h | grep -w / | awk '{ print $5 }': no such file or directory

fork/exec df -h | grep -w / | awk '{ print $5 }': no such file or directory
fork/exec df -h | grep -w /mnt/near | awk '{ print $5 }': no such file or directory

fork/exec df -h | grep -w /mnt/near | awk '{ print $5 }': no such file or directory
Plugin Verify Has been Called: ALIVE :::: 9092
signal: terminated
2022/06/02 06:49:50 Start Server:  Server Status Plugin
2022/06/02 06:49:50 listen  :9091
2022/06/02 06:49:50 Pilot Plugin started
Plugin Verify Has been Called: ALIVE :::: 9092
Plugin Execute Has been Called: ALIVE
Total CPU Usage:  16.89108910890722 %
Plugin Execute Has been Called: ALIVE
Total Memory Usage:  60.398125648498535 %
Plugin Execute Has been Called: ALIVE
fork/exec df -h | grep -w / | awk '{ print $5 }': no such file or directory

fork/exec df -h | grep -w / | awk '{ print $5 }': no such file or directory
fork/exec df -h | grep -w /mnt/near | awk '{ print $5 }': no such file or directory

fork/exec df -h | grep -w /mnt/near | awk '{ print $5 }': no such file or directory
Plugin Verify Has been Called: ALIVE :::: 9092
Plugin Execute Has been Called: ALIVE
Total CPU Usage:  33.77227722783179 %
Plugin Execute Has been Called: ALIVE
Total Memory Usage:  60.35435199737549 %
Plugin Execute Has been Called: ALIVE
fork/exec df -h | grep -w / | awk '{ print $5 }': no such file or directory

fork/exec df -h | grep -w / | awk '{ print $5 }': no such file or directory
fork/exec df -h | grep -w /mnt/near | awk '{ print $5 }': no such file or directory

fork/exec df -h | grep -w /mnt/near | awk '{ print $5 }': no such file or directory
Plugin Verify Has been Called: ALIVE :::: 9092
Plugin Execute Has been Called: ALIVE
Total CPU Usage:  16.020202020092775 %
Plugin Execute Has been Called: ALIVE
Total Memory Usage:  60.23538112640381 %
Plugin Execute Has been Called: ALIVE
fork/exec df -h | grep -w / | awk '{ print $5 }': no such file or directory

fork/exec df -h | grep -w / | awk '{ print $5 }': no such file or directory
fork/exec df -h | grep -w /mnt/near | awk '{ print $5 }': no such file or directory

fork/exec df -h | grep -w /mnt/near | awk '{ print $5 }': no such file or directory
Plugin Verify Has been Called: ALIVE :::: 9092
Plugin Verify Has been Called: ALIVE :::: 9092
Plugin Execute Has been Called: ALIVE
Total CPU Usage:  35.111111111170025 %
Plugin Execute Has been Called: ALIVE
Total Memory Usage:  60.22520065307617 %
Plugin Execute Has been Called: ALIVE
fork/exec df -h | grep -w / | awk '{ print $5 }': no such file or directory

fork/exec df -h | grep -w / | awk '{ print $5 }': no such file or directory
fork/exec df -h | grep -w /mnt/near | awk '{ print $5 }': no such file or directory

fork/exec df -h | grep -w /mnt/near | awk '{ print $5 }': no such file or directory
Plugin Verify Has been Called: ALIVE :::: 9092
Plugin Execute Has been Called: ALIVE
Total CPU Usage:  90.00000000003183 %
signal: terminated
2022/06/02 06:53:24 Start Server:  Server Status Plugin
2022/06/02 06:53:24 listen  :9091
2022/06/02 06:53:24 Pilot Plugin started
Plugin Verify Has been Called: ALIVE :::: 9092
Plugin Execute Has been Called: ALIVE
Total CPU Usage:  37.02200220028761 %
Plugin Execute Has been Called: ALIVE
Total Memory Usage:  60.67922115325928 %
Plugin Execute Has been Called: ALIVE
fork/exec df -h | grep -w / | awk '{ print $5 }': no such file or directory

fork/exec df -h | grep -w / | awk '{ print $5 }': no such file or directory

fork/exec df -h | grep -w /mnt/near | awk '{ print $5 }': no such file or directory

fork/exec df -h | grep -w /mnt/near | awk '{ print $5 }': no such file or directory

Plugin Verify Has been Called: ALIVE :::: 9092
Plugin Execute Has been Called: ALIVE
Total CPU Usage:  39.89108910880763 %
Plugin Execute Has been Called: ALIVE
Total Memory Usage:  60.619139671325684 %
Plugin Execute Has been Called: ALIVE
fork/exec df -h | grep -w / | awk '{ print $5 }': no such file or directory

fork/exec df -h | grep -w / | awk '{ print $5 }': no such file or directory

fork/exec df -h | grep -w /mnt/near | awk '{ print $5 }': no such file or directory

fork/exec df -h | grep -w /mnt/near | awk '{ print $5 }': no such file or directory

Plugin Verify Has been Called: ALIVE :::: 9092
Plugin Execute Has been Called: ALIVE
Total CPU Usage:  84.44554455446317 %
Plugin Execute Has been Called: ALIVE
Total Memory Usage:  60.77308654785156 %
Plugin Execute Has been Called: ALIVE
fork/exec df -h | grep -w / | awk '{ print $5 }': no such file or directory

fork/exec df -h | grep -w / | awk '{ print $5 }': no such file or directory

fork/exec df -h | grep -w /mnt/near | awk '{ print $5 }': no such file or directory

fork/exec df -h | grep -w /mnt/near | awk '{ print $5 }': no such file or directory

Plugin Verify Has been Called: ALIVE :::: 9092
Plugin Verify Has been Called: ALIVE :::: 9092
Plugin Execute Has been Called: ALIVE
Total CPU Usage:  56.861386138545704 %
Plugin Execute Has been Called: ALIVE
Total Memory Usage:  60.567522048950195 %
Plugin Execute Has been Called: ALIVE
fork/exec df -h | grep -w / | awk '{ print $5 }': no such file or directory

fork/exec df -h | grep -w / | awk '{ print $5 }': no such file or directory

fork/exec df -h | grep -w /mnt/near | awk '{ print $5 }': no such file or directory

fork/exec df -h | grep -w /mnt/near | awk '{ print $5 }': no such file or directory

Plugin Verify Has been Called: ALIVE :::: 9092
Plugin Execute Has been Called: ALIVE
Total CPU Usage:  52.16161616160926 %
signal: terminated
